CUDA_VISIBLE_DEVICES: 2
Namespace(init_scale='1e-2', seed='6002')
saving json at: ./../model/MF/mean-field/version_13/params.json
OFFLINE TRAINING
train period: 1-10
validation period: 11
CUDA_VISIBLE_DEVICES: 0
Namespace(init_scale='1e-2', seed='6002')
saving json at: ./../model/MF/mean-field/version_14/params.json
OFFLINE TRAINING
train period: 1-10
validation period: 11
CUDA_VISIBLE_DEVICES: 1
Namespace(init_scale='1e-2', seed='6002')
cuda
saving json at: ./../model/MF/mean-field/version_15/params.json
OFFLINE TRAINING
train period: 1-10
validation period: 11
CUDA_VISIBLE_DEVICES: 0
Namespace(init_scale='1e-2', seed='6002')
cuda
saving json at: ./../model/MF/mean-field/version_16/params.json
OFFLINE TRAINING
train period: 1-10
validation period: 11
